\BOOKMARK [0][-]{chapter*.1}{List Of Figures}{}% 1
\BOOKMARK [0][-]{chapter*.2}{List Of Tables}{}% 2
\BOOKMARK [0][-]{chapter.1}{Introduction}{}% 3
\BOOKMARK [1][-]{section.1.1}{Motivation and goals}{chapter.1}% 4
\BOOKMARK [1][-]{section.1.2}{Related work}{chapter.1}% 5
\BOOKMARK [1][-]{section.1.3}{Our Contribution}{chapter.1}% 6
\BOOKMARK [0][-]{chapter.2}{Glacier Satellite Imagery Processing}{}% 7
\BOOKMARK [1][-]{section.2.1}{Dataset}{chapter.2}% 8
\BOOKMARK [2][-]{subsection.2.1.1}{Landsat 8}{section.2.1}% 9
\BOOKMARK [2][-]{subsection.2.1.2}{World Glacier Inventory}{section.2.1}% 10
\BOOKMARK [2][-]{subsection.2.1.3}{Asset Acquisition}{section.2.1}% 11
\BOOKMARK [1][-]{section.2.2}{Dataset entities}{chapter.2}% 12
\BOOKMARK [2][-]{subsection.2.2.1}{True colour image}{section.2.2}% 13
\BOOKMARK [2][-]{subsection.2.2.2}{Bands}{section.2.2}% 14
\BOOKMARK [2][-]{subsection.2.2.3}{Normalized Snow Difference Index}{section.2.2}% 15
\BOOKMARK [1][-]{section.2.3}{Alignment}{chapter.2}% 16
\BOOKMARK [2][-]{subsection.2.3.1}{Movement extraction through optical flow}{section.2.3}% 17
\BOOKMARK [2][-]{subsection.2.3.2}{Generating predicted images based on motion}{section.2.3}% 18
\BOOKMARK [0][-]{chapter.3}{Glacier Image Predictor}{}% 19
\BOOKMARK [1][-]{section.3.1}{User Interface}{chapter.3}% 20
\BOOKMARK [2][-]{subsection.3.1.1}{Search and Download}{section.3.1}% 21
\BOOKMARK [2][-]{subsection.3.1.2}{Processing}{section.3.1}% 22
\BOOKMARK [1][-]{section.3.2}{Search and Download}{chapter.3}% 23
\BOOKMARK [2][-]{subsection.3.2.1}{Data corruption verification}{section.3.2}% 24
\BOOKMARK [1][-]{section.3.3}{Processing}{chapter.3}% 25
\BOOKMARK [2][-]{subsection.3.3.1}{Alignment}{section.3.3}% 26
\BOOKMARK [2][-]{subsection.3.3.2}{Normalized Snow Difference Index}{section.3.3}% 27
\BOOKMARK [2][-]{subsection.3.3.3}{Motion extraction through optical flow}{section.3.3}% 28
\BOOKMARK [2][-]{subsection.3.3.4}{Motion generated NDSI}{section.3.3}% 29
\BOOKMARK [2][-]{subsection.3.3.5}{Generated image filtering}{section.3.3}% 30
\BOOKMARK [1][-]{section.3.4}{Tools and libraries}{chapter.3}% 31
\BOOKMARK [2][-]{subsection.3.4.1}{Programming language}{section.3.4}% 32
\BOOKMARK [2][-]{subsection.3.4.2}{Libraries}{section.3.4}% 33
\BOOKMARK [2][-]{subsection.3.4.3}{Version-control}{section.3.4}% 34
\BOOKMARK [0][-]{chapter.4}{Performance and experiments}{}% 35
\BOOKMARK [1][-]{section.4.1}{Performance}{chapter.4}% 36
\BOOKMARK [1][-]{section.4.2}{Experiments}{chapter.4}% 37
\BOOKMARK [2][-]{subsection.4.2.1}{Jungfrau-Aletsch-Bietschhorn \(194, 28, 4\)}{section.4.2}% 38
\BOOKMARK [2][-]{subsection.4.2.2}{Jungfrau-Aletsch-Bietschhorn \(194, 28, 7\)}{section.4.2}% 39
\BOOKMARK [2][-]{subsection.4.2.3}{Jungfrau-Aletsch-Bietschhorn \(194, 28, 8\)}{section.4.2}% 40
\BOOKMARK [2][-]{subsection.4.2.4}{Jungfrau-Aletsch-Bietschhorn \(195, 28, 9\)}{section.4.2}% 41
\BOOKMARK [2][-]{subsection.4.2.5}{PARVATI \(146, 38, 4\)}{section.4.2}% 42
\BOOKMARK [0][-]{chapter.5}{Conclusions}{}% 43
\BOOKMARK [1][-]{section.5.1}{Future development}{chapter.5}% 44
\BOOKMARK [1][-]{section.5.2}{Acronyms}{chapter.5}% 45
